<?xml version="1.0"?>
<!DOCTYPE coverage SYSTEM "https://cobertura.sourceforge.net/xml/coverage-04.dtd">
<coverage 
line-rate="0.06" lines-valid="17" lines-covered="1" branches-valid="4" branches-covered="0" branch-rate="0.00" complexity="0" version="1.0" timestamp="1712854022507">
    <sources>
        <source></source>
    </sources>
    <packages>
        <package name="servipagos.src.bronze" line-rate="0.06" branch-rate="0.00" complexity="0">
            <classes>
                <class name="Example" filename="servipagos/src/bronze/example.scala" line-rate="0.06" branch-rate="0.00" complexity="0">
                    <methods>
                        <method name="Example/ExampleIssues" signature="()V" line-rate="0.00" branch-rate="0.00" complexity="0">
                            <lines>
                                <line number="11" hits="0" branch="false"/>
                                <line number="14" hits="0" branch="false"/>
                                <line number="11" hits="0" branch="false"/>
                                <line number="11" hits="0" branch="false"/>
                                <line number="10" hits="0" branch="false"/>
                                <line number="9" hits="0" branch="false"/>
                                <line number="11" hits="0" branch="true"/>
                                <line number="13" hits="0" branch="false"/>
                                <line number="10" hits="0" branch="false"/>
                                <line number="16" hits="0" branch="false"/>
                                <line number="11" hits="0" branch="true"/>
                                <line number="13" hits="0" branch="true"/>
                                <line number="13" hits="0" branch="false"/>
                                <line number="12" hits="0" branch="false"/>
                                <line number="14" hits="0" branch="false"/>
                                <line number="13" hits="0" branch="true"/>
                            </lines>
                        </method>
                        <method name="Example/sum" signature="()V" line-rate="1.00" branch-rate="1.00" complexity="0">
                            <lines>
                                <line number="2" hits="1" branch="false"/>
                            </lines>
                        </method>
                    </methods>
                    <lines>
                        <line number="11" hits="0" branch="false"/>
                        <line number="14" hits="0" branch="false"/>
                        <line number="2" hits="1" branch="false"/>
                        <line number="11" hits="0" branch="false"/>
                        <line number="11" hits="0" branch="false"/>
                        <line number="10" hits="0" branch="false"/>
                        <line number="9" hits="0" branch="false"/>
                        <line number="11" hits="0" branch="true"/>
                        <line number="13" hits="0" branch="false"/>
                        <line number="10" hits="0" branch="false"/>
                        <line number="16" hits="0" branch="false"/>
                        <line number="11" hits="0" branch="true"/>
                        <line number="13" hits="0" branch="true"/>
                        <line number="13" hits="0" branch="false"/>
                        <line number="12" hits="0" branch="false"/>
                        <line number="14" hits="0" branch="false"/>
                        <line number="13" hits="0" branch="true"/>
                    </lines>
                </class>
            </classes>
        </package>
    </packages>
</coverage>